j:\work\sudoku\sudoku\sudoku\debug\sudoku.pch
j:\work\sudoku\sudoku\sudoku\debug\vc143.pdb
j:\work\sudoku\sudoku\sudoku\debug\vc143.idb
j:\work\sudoku\sudoku\sudoku\debug\stdafx.obj
j:\work\sudoku\sudoku\sudoku\debug\stdafx.cod
j:\work\sudoku\sudoku\sudoku\debug\sudokudlg.obj
j:\work\sudoku\sudoku\sudoku\debug\sudokudlg.cod
j:\work\sudoku\sudoku\sudoku\debug\sudoku.obj
j:\work\sudoku\sudoku\sudoku\debug\sudoku.cod
j:\work\sudoku\sudoku\sudoku\debug\solution.obj
j:\work\sudoku\sudoku\sudoku\debug\solution.cod
j:\work\sudoku\sudoku\sudoku\debug\calcul_temps.obj
j:\work\sudoku\sudoku\sudoku\debug\calcul_temps.cod
j:\work\sudoku\sudoku\debug\sudoku.exe
j:\work\sudoku\sudoku\sudoku\debug\sudoku.ilk
j:\work\sudoku\sudoku\debug\sudoku.pdb
j:\work\sudoku\sudoku\sudoku\debug\sudoku.res
j:\work\sudoku\sudoku\sudoku\debug\sudoku.tlog\cl.command.1.tlog
j:\work\sudoku\sudoku\sudoku\debug\sudoku.tlog\cl.read.1.tlog
j:\work\sudoku\sudoku\sudoku\debug\sudoku.tlog\cl.write.1.tlog
j:\work\sudoku\sudoku\sudoku\debug\sudoku.tlog\link.command.1.tlog
j:\work\sudoku\sudoku\sudoku\debug\sudoku.tlog\link.read.1.tlog
j:\work\sudoku\sudoku\sudoku\debug\sudoku.tlog\link.write.1.tlog
j:\work\sudoku\sudoku\sudoku\debug\sudoku.tlog\rc.command.1.tlog
j:\work\sudoku\sudoku\sudoku\debug\sudoku.tlog\rc.read.1.tlog
j:\work\sudoku\sudoku\sudoku\debug\sudoku.tlog\rc.write.1.tlog
